Start testing: May 03 06:20 UTC
----------------------------------------------------------
1/3 Testing: StudentTest.init
1/3 Test: StudentTest.init
Command: "/workspaces/tests/Hello_World/googletest/build/tests" "--gtest_filter=StudentTest.init" "--gtest_also_run_disabled_tests"
Directory: /workspaces/tests/Hello_World/googletest/build
"StudentTest.init" start time: May 03 06:20 UTC
Output:
----------------------------------------------------------
Running main() from /build/googletest-j5yxiC/googletest-1.10.0/googletest/src/gtest_main.cc
Note: Google Test filter = StudentTest.init
[==========] Running 1 test from 1 test suite.
[----------] Global test environment set-up.
[----------] 1 test from StudentTest
[ RUN      ] StudentTest.init
[       OK ] StudentTest.init (0 ms)
[----------] 1 test from StudentTest (1 ms total)

[----------] Global test environment tear-down
[==========] 1 test from 1 test suite ran. (1 ms total)
[  PASSED  ] 1 test.
<end of output>
Test time =   0.00 sec
----------------------------------------------------------
Test Passed.
"StudentTest.init" end time: May 03 06:20 UTC
"StudentTest.init" time elapsed: 00:00:00
----------------------------------------------------------

2/3 Testing: StudentTest.add_grades
2/3 Test: StudentTest.add_grades
Command: "/workspaces/tests/Hello_World/googletest/build/tests" "--gtest_filter=StudentTest.add_grades" "--gtest_also_run_disabled_tests"
Directory: /workspaces/tests/Hello_World/googletest/build
"StudentTest.add_grades" start time: May 03 06:20 UTC
Output:
----------------------------------------------------------
Running main() from /build/googletest-j5yxiC/googletest-1.10.0/googletest/src/gtest_main.cc
Note: Google Test filter = StudentTest.add_grades
[==========] Running 1 test from 1 test suite.
[----------] Global test environment set-up.
[----------] 1 test from StudentTest
[ RUN      ] StudentTest.add_grades
[       OK ] StudentTest.add_grades (0 ms)
[----------] 1 test from StudentTest (0 ms total)

[----------] Global test environment tear-down
[==========] 1 test from 1 test suite ran. (0 ms total)
[  PASSED  ] 1 test.
<end of output>
Test time =   0.00 sec
----------------------------------------------------------
Test Passed.
"StudentTest.add_grades" end time: May 03 06:20 UTC
"StudentTest.add_grades" time elapsed: 00:00:00
----------------------------------------------------------

3/3 Testing: StudentTest.add_grades_overflow
3/3 Test: StudentTest.add_grades_overflow
Command: "/workspaces/tests/Hello_World/googletest/build/tests" "--gtest_filter=StudentTest.add_grades_overflow" "--gtest_also_run_disabled_tests"
Directory: /workspaces/tests/Hello_World/googletest/build
"StudentTest.add_grades_overflow" start time: May 03 06:20 UTC
Output:
----------------------------------------------------------
Running main() from /build/googletest-j5yxiC/googletest-1.10.0/googletest/src/gtest_main.cc
Note: Google Test filter = StudentTest.add_grades_overflow
[==========] Running 1 test from 1 test suite.
[----------] Global test environment set-up.
[----------] 1 test from StudentTest
[ RUN      ] StudentTest.add_grades_overflow
!!! Can not add more grades to student Max Mustermann. Maximum number of grades is 5
[       OK ] StudentTest.add_grades_overflow (0 ms)
[----------] 1 test from StudentTest (0 ms total)

[----------] Global test environment tear-down
[==========] 1 test from 1 test suite ran. (0 ms total)
[  PASSED  ] 1 test.
<end of output>
Test time =   0.00 sec
----------------------------------------------------------
Test Passed.
"StudentTest.add_grades_overflow" end time: May 03 06:20 UTC
"StudentTest.add_grades_overflow" time elapsed: 00:00:00
----------------------------------------------------------

End testing: May 03 06:20 UTC
